<?xml version="1.0" encoding="UTF-8" ?>
<testsuite tests="8" failures="0" name="it.firegloves.mempoi.unit.StyleTemplateTest" time="0.533" errors="0" skipped="0">
  <properties>
[...]
</properties>
  <testcase classname="it.firegloves.mempoi.unit.StyleTemplateTest" name="purple_template_test" time="0.412"/>
  <testcase classname="it.firegloves.mempoi.unit.StyleTemplateTest" name="stone_template_test" time="0.025"/>
  <testcase classname="it.firegloves.mempoi.unit.StyleTemplateTest" name="forest_template_test" time="0.021"/>
  <testcase classname="it.firegloves.mempoi.unit.StyleTemplateTest" name="summer_template_test" time="0.017"/>
  <testcase classname="it.firegloves.mempoi.unit.StyleTemplateTest" name="panegiricon_template_test" time="0.014"/>
  <testcase classname="it.firegloves.mempoi.unit.StyleTemplateTest" name="standard_template_test" time="0.015"/>
  <testcase classname="it.firegloves.mempoi.unit.StyleTemplateTest" name="aqua_template_test" time="0.017"/>
  <testcase classname="it.firegloves.mempoi.unit.StyleTemplateTest" name="rose_template_test" time="0.012"/>
</testsuite>